-------------------------------------------------------------------------------
Test set: test.candidates.FiltersTests
-------------------------------------------------------------------------------
Tests run: 22, Failures: 2, Errors: 0, Skipped: 0, Time elapsed: 284.182 s <<< FAILURE! - in test.candidates.FiltersTests
filterByVacancyTag(test.candidates.FiltersTests)  Time elapsed: 19.353 s  <<< FAILURE!
java.lang.AssertionError
	at test.candidates.FiltersTests.filterByVacancyTag(FiltersTests.java:136)

filterByCompetenceTag(test.candidates.FiltersTests)  Time elapsed: 19.447 s  <<< FAILURE!
java.lang.AssertionError
	at test.candidates.FiltersTests.filterByCompetenceTag(FiltersTests.java:175)

